0 info it worked if it ends with ok
1 verbose cli [ '/opt/node-v4.4.7-linux-x64/bin/node',
1 verbose cli   '/opt/node-v4.4.7-linux-x64/bin/npm',
1 verbose cli   'start' ]
2 info using npm@2.15.8
3 info using node@v4.4.7
4 verbose stack Error: ENOENT: no such file or directory, open '/home/nans/Documents/Projet_Secu/package.json'
4 verbose stack     at Error (native)
5 verbose cwd /home/nans/Documents/Projet_Secu
6 error Linux 4.4.0-21-generic
7 error argv "/opt/node-v4.4.7-linux-x64/bin/node" "/opt/node-v4.4.7-linux-x64/bin/npm" "start"
8 error node v4.4.7
9 error npm  v2.15.8
10 error path /home/nans/Documents/Projet_Secu/package.json
11 error code ENOENT
12 error errno -2
13 error syscall open
14 error enoent ENOENT: no such file or directory, open '/home/nans/Documents/Projet_Secu/package.json'
14 error enoent This is most likely not a problem with npm itself
14 error enoent and is related to npm not being able to find a file.
15 verbose exit [ -2, true ]
