0 info it worked if it ends with ok
1 verbose cli [ '/usr/local/bin/node', '/usr/local/bin/npm', 'start' ]
2 info using npm@3.10.8
3 info using node@v6.6.0
4 verbose run-script [ 'prestart', 'start', 'poststart' ]
5 info lifecycle pluggin_keylogger@0.0.2~prestart: pluggin_keylogger@0.0.2
6 silly lifecycle pluggin_keylogger@0.0.2~prestart: no script for prestart, continuing
7 info lifecycle pluggin_keylogger@0.0.2~start: pluggin_keylogger@0.0.2
8 verbose lifecycle pluggin_keylogger@0.0.2~start: unsafe-perm in lifecycle true
9 verbose lifecycle pluggin_keylogger@0.0.2~start: PATH: /usr/local/lib/node_modules/npm/bin/node-gyp-bin:/home/lokman/Bureau/Projet_Secu/Back-end/node_modules/.bin:/usr/local/sbin:/usr/local/bin:/usr/sbin:/usr/bin:/sbin:/bin:/usr/games:/usr/local/games
10 verbose lifecycle pluggin_keylogger@0.0.2~start: CWD: /home/lokman/Bureau/Projet_Secu/Back-end
11 silly lifecycle pluggin_keylogger@0.0.2~start: Args: [ '-c', 'coffee -w projet.coffee' ]
12 silly lifecycle pluggin_keylogger@0.0.2~start: Returned: code: 1  signal: null
13 info lifecycle pluggin_keylogger@0.0.2~start: Failed to exec start script
14 verbose stack Error: pluggin_keylogger@0.0.2 start: `coffee -w projet.coffee`
14 verbose stack Exit status 1
14 verbose stack     at EventEmitter.<anonymous> (/usr/local/lib/node_modules/npm/lib/utils/lifecycle.js:255:16)
14 verbose stack     at emitTwo (events.js:106:13)
14 verbose stack     at EventEmitter.emit (events.js:191:7)
14 verbose stack     at ChildProcess.<anonymous> (/usr/local/lib/node_modules/npm/lib/utils/spawn.js:40:14)
14 verbose stack     at emitTwo (events.js:106:13)
14 verbose stack     at ChildProcess.emit (events.js:191:7)
14 verbose stack     at maybeClose (internal/child_process.js:877:16)
14 verbose stack     at Process.ChildProcess._handle.onexit (internal/child_process.js:226:5)
15 verbose pkgid pluggin_keylogger@0.0.2
16 verbose cwd /home/lokman/Bureau/Projet_Secu/Back-end
17 error Linux 4.4.0-42-generic
18 error argv "/usr/local/bin/node" "/usr/local/bin/npm" "start"
19 error node v6.6.0
20 error npm  v3.10.8
21 error code ELIFECYCLE
22 error pluggin_keylogger@0.0.2 start: `coffee -w projet.coffee`
22 error Exit status 1
23 error Failed at the pluggin_keylogger@0.0.2 start script 'coffee -w projet.coffee'.
23 error Make sure you have the latest version of node.js and npm installed.
23 error If you do, this is most likely a problem with the pluggin_keylogger package,
23 error not with npm itself.
23 error Tell the author that this fails on your system:
23 error     coffee -w projet.coffee
23 error You can get information on how to open an issue for this project with:
23 error     npm bugs pluggin_keylogger
23 error Or if that isn't available, you can get their info via:
23 error     npm owner ls pluggin_keylogger
23 error There is likely additional logging output above.
24 verbose exit [ 1, true ]
